app/build/intermediates/manifest_merge_blame_file/debug/processDebugMainManifest/manifest-merger-blame-debug-report.txt
1<?xml version="1.0" encoding="utf-8"?>
2<manifest xmlns:android="http://schemas.android.com/apk/res/android"
3    package="com.watering.app.debug"
4    android:versionCode="1"
5    android:versionName="1.0.0" >
6
7    <uses-sdk
8        android:minSdkVersion="26"
9        android:targetSdkVersion="36" />
10
11    <!-- 알림 권한 (Android 13+) -->
12    <uses-permission android:name="android.permission.POST_NOTIFICATIONS" />
12-->src\main\AndroidManifest.xml:6:5-77
12-->src\main\AndroidManifest.xml:6:22-74
13    <!-- WorkManager 정확한 알람 (Android 12+) -->
14    <uses-permission android:name="android.permission.SCHEDULE_EXACT_ALARM" />
14-->src\main\AndroidManifest.xml:8:5-79
14-->src\main\AndroidManifest.xml:8:22-76
15    <uses-permission android:name="android.permission.USE_EXACT_ALARM" />
15-->src\main\AndroidManifest.xml:9:5-74
15-->src\main\AndroidManifest.xml:9:22-71
16    <!-- WorkManager용 -->
17    <uses-permission android:name="android.permission.RECEIVE_BOOT_COMPLETED" />
17-->src\main\AndroidManifest.xml:11:5-81
17-->src\main\AndroidManifest.xml:11:22-78
18    <uses-permission android:name="android.permission.WAKE_LOCK" />
18-->src\main\AndroidManifest.xml:12:5-68
18-->src\main\AndroidManifest.xml:12:22-65
19    <uses-permission android:name="com.android.vending.BILLING" />
19-->[com.android.billingclient:billing-ktx:7.1.1] AndroidManifest.xml:9:5-67
19-->[com.android.billingclient:billing-ktx:7.1.1] AndroidManifest.xml:9:22-64
20
21    <queries>
21-->[com.android.billingclient:billing:7.1.1] AndroidManifest.xml:12:5-19:15
22        <intent>
22-->[com.android.billingclient:billing:7.1.1] AndroidManifest.xml:13:9-15:18
23            <action android:name="com.android.vending.billing.InAppBillingService.BIND" />
23-->[com.android.billingclient:billing:7.1.1] AndroidManifest.xml:14:13-91
23-->[com.android.billingclient:billing:7.1.1] AndroidManifest.xml:14:21-88
24        </intent>
25        <intent>
25-->[com.android.billingclient:billing:7.1.1] AndroidManifest.xml:16:9-18:18
26            <action android:name="com.google.android.apps.play.billingtestcompanion.BillingOverrideService.BIND" />
26-->[com.android.billingclient:billing:7.1.1] AndroidManifest.xml:17:13-116
26-->[com.android.billingclient:billing:7.1.1] AndroidManifest.xml:17:21-113
27        </intent>
28    </queries>
29
30    <uses-permission android:name="android.permission.ACCESS_NETWORK_STATE" />
30-->[androidx.work:work-runtime:2.9.1] AndroidManifest.xml:24:5-79
30-->[androidx.work:work-runtime:2.9.1] AndroidManifest.xml:24:22-76
31    <uses-permission android:name="android.permission.FOREGROUND_SERVICE" />
31-->[androidx.work:work-runtime:2.9.1] AndroidManifest.xml:26:5-77
31-->[androidx.work:work-runtime:2.9.1] AndroidManifest.xml:26:22-74
32
33    <permission
33-->[androidx.core:core:1.15.0] AndroidManifest.xml:22:5-24:47
34        android:name="com.watering.app.debug.DYNAMIC_RECEIVER_NOT_EXPORTED_PERMISSION"
34-->[androidx.core:core:1.15.0] AndroidManifest.xml:23:9-81
35        android:protectionLevel="signature" />
35-->[androidx.core:core:1.15.0] AndroidManifest.xml:24:9-44
36
37    <uses-permission android:name="com.watering.app.debug.DYNAMIC_RECEIVER_NOT_EXPORTED_PERMISSION" />
37-->[androidx.core:core:1.15.0] AndroidManifest.xml:26:5-97
37-->[androidx.core:core:1.15.0] AndroidManifest.xml:26:22-94
38    <uses-permission android:name="android.permission.INTERNET" /> <!-- Health Connect (P3 — v2에서 추가 예정) -->
38-->[com.google.android.datatransport:transport-backend-cct:3.1.8] AndroidManifest.xml:25:5-67
38-->[com.google.android.datatransport:transport-backend-cct:3.1.8] AndroidManifest.xml:25:22-64
39    <!-- <uses-permission android:name="android.permission.health.READ_HYDRATION" /> -->
40    <!-- <uses-permission android:name="android.permission.health.WRITE_HYDRATION" /> -->
41    <application
41-->src\main\AndroidManifest.xml:17:5-90:19
42        android:name="com.watering.app.WateringApp"
42-->src\main\AndroidManifest.xml:18:9-36
43        android:allowBackup="false"
43-->src\main\AndroidManifest.xml:19:9-36
44        android:appComponentFactory="androidx.core.app.CoreComponentFactory"
44-->[androidx.core:core:1.15.0] AndroidManifest.xml:28:18-86
45        android:debuggable="true"
46        android:extractNativeLibs="false"
47        android:icon="@mipmap/ic_launcher"
47-->src\main\AndroidManifest.xml:20:9-43
48        android:label="@string/app_name"
48-->src\main\AndroidManifest.xml:21:9-41
49        android:roundIcon="@mipmap/ic_launcher_round"
49-->src\main\AndroidManifest.xml:22:9-54
50        android:supportsRtl="true"
50-->src\main\AndroidManifest.xml:23:9-35
51        android:theme="@style/Theme.Watering" >
51-->src\main\AndroidManifest.xml:24:9-46
52        <activity
52-->src\main\AndroidManifest.xml:26:9-40:20
53            android:name="com.watering.app.MainActivity"
53-->src\main\AndroidManifest.xml:27:13-41
54            android:exported="true"
54-->src\main\AndroidManifest.xml:28:13-36
55            android:theme="@style/Theme.Watering" >
55-->src\main\AndroidManifest.xml:29:13-50
56            <intent-filter>
56-->src\main\AndroidManifest.xml:30:13-33:29
57                <action android:name="android.intent.action.MAIN" />
57-->src\main\AndroidManifest.xml:31:17-69
57-->src\main\AndroidManifest.xml:31:25-66
58
59                <category android:name="android.intent.category.LAUNCHER" />
59-->src\main\AndroidManifest.xml:32:17-77
59-->src\main\AndroidManifest.xml:32:27-74
60            </intent-filter>
61            <!-- 위젯 탭 딥링크 처리 -->
62            <intent-filter>
62-->src\main\AndroidManifest.xml:35:13-39:29
63                <action android:name="android.intent.action.VIEW" />
63-->src\main\AndroidManifest.xml:36:17-69
63-->src\main\AndroidManifest.xml:36:25-66
64
65                <category android:name="android.intent.category.DEFAULT" />
65-->src\main\AndroidManifest.xml:37:17-76
65-->src\main\AndroidManifest.xml:37:27-73
66
67                <data
67-->src\main\AndroidManifest.xml:38:17-79
68                    android:host="quick-record"
68-->src\main\AndroidManifest.xml:38:49-76
69                    android:scheme="watering" />
69-->src\main\AndroidManifest.xml:38:23-48
70            </intent-filter>
71        </activity>
72
73        <!-- 원형 위젯 -->
74        <receiver
74-->src\main\AndroidManifest.xml:43:9-52:20
75            android:name="com.watering.app.widget.CircularWidgetReceiver"
75-->src\main\AndroidManifest.xml:44:13-58
76            android:exported="true" >
76-->src\main\AndroidManifest.xml:45:13-36
77            <intent-filter>
77-->src\main\AndroidManifest.xml:46:13-48:29
78                <action android:name="android.appwidget.action.APPWIDGET_UPDATE" />
78-->src\main\AndroidManifest.xml:47:17-84
78-->src\main\AndroidManifest.xml:47:25-81
79            </intent-filter>
80
81            <meta-data
81-->src\main\AndroidManifest.xml:49:13-51:64
82                android:name="android.appwidget.provider"
82-->src\main\AndroidManifest.xml:50:17-58
83                android:resource="@xml/circular_widget_info" />
83-->src\main\AndroidManifest.xml:51:17-61
84        </receiver>
85
86        <!-- 직사각형 위젯 -->
87        <receiver
87-->src\main\AndroidManifest.xml:55:9-64:20
88            android:name="com.watering.app.widget.RectangularWidgetReceiver"
88-->src\main\AndroidManifest.xml:56:13-61
89            android:exported="true" >
89-->src\main\AndroidManifest.xml:57:13-36
90            <intent-filter>
90-->src\main\AndroidManifest.xml:46:13-48:29
91                <action android:name="android.appwidget.action.APPWIDGET_UPDATE" />
91-->src\main\AndroidManifest.xml:47:17-84
91-->src\main\AndroidManifest.xml:47:25-81
92            </intent-filter>
93
94            <meta-data
94-->src\main\AndroidManifest.xml:49:13-51:64
95                android:name="android.appwidget.provider"
95-->src\main\AndroidManifest.xml:50:17-58
96                android:resource="@xml/rectangular_widget_info" />
96-->src\main\AndroidManifest.xml:51:17-61
97        </receiver>
98
99        <!-- 좁은 위젯 -->
100        <receiver
100-->src\main\AndroidManifest.xml:67:9-76:20
101            android:name="com.watering.app.widget.NarrowWidgetReceiver"
101-->src\main\AndroidManifest.xml:68:13-56
102            android:exported="true" >
102-->src\main\AndroidManifest.xml:69:13-36
103            <intent-filter>
103-->src\main\AndroidManifest.xml:46:13-48:29
104                <action android:name="android.appwidget.action.APPWIDGET_UPDATE" />
104-->src\main\AndroidManifest.xml:47:17-84
104-->src\main\AndroidManifest.xml:47:25-81
105            </intent-filter>
106
107            <meta-data
107-->src\main\AndroidManifest.xml:49:13-51:64
108                android:name="android.appwidget.provider"
108-->src\main\AndroidManifest.xml:50:17-58
109                android:resource="@xml/narrow_widget_info" />
109-->src\main\AndroidManifest.xml:51:17-61
110        </receiver>
111
112        <!-- HiltWorkerFactory 사용을 위해 WorkManager 기본 자동 초기화 비활성화 -->
113        <provider
114            android:name="androidx.startup.InitializationProvider"
114-->src\main\AndroidManifest.xml:80:13-67
115            android:authorities="com.watering.app.debug.androidx-startup"
115-->src\main\AndroidManifest.xml:81:13-68
116            android:exported="false" >
116-->src\main\AndroidManifest.xml:82:13-37
117            <meta-data
117-->[androidx.emoji2:emoji2:1.3.0] AndroidManifest.xml:29:13-31:52
118                android:name="androidx.emoji2.text.EmojiCompatInitializer"
118-->[androidx.emoji2:emoji2:1.3.0] AndroidManifest.xml:30:17-75
119                android:value="androidx.startup" />
119-->[androidx.emoji2:emoji2:1.3.0] AndroidManifest.xml:31:17-49
120            <meta-data
120-->[androidx.lifecycle:lifecycle-process:2.8.7] AndroidManifest.xml:29:13-31:52
121                android:name="androidx.lifecycle.ProcessLifecycleInitializer"
121-->[androidx.lifecycle:lifecycle-process:2.8.7] AndroidManifest.xml:30:17-78
122                android:value="androidx.startup" />
122-->[androidx.lifecycle:lifecycle-process:2.8.7] AndroidManifest.xml:31:17-49
123            <meta-data
123-->[androidx.profileinstaller:profileinstaller:1.3.1] AndroidManifest.xml:29:13-31:52
124                android:name="androidx.profileinstaller.ProfileInstallerInitializer"
124-->[androidx.profileinstaller:profileinstaller:1.3.1] AndroidManifest.xml:30:17-85
125                android:value="androidx.startup" />
125-->[androidx.profileinstaller:profileinstaller:1.3.1] AndroidManifest.xml:31:17-49
126        </provider>
127
128        <activity
128-->[androidx.glance:glance-appwidget:1.1.0] AndroidManifest.xml:23:9-28:62
129            android:name="androidx.glance.appwidget.action.ActionTrampolineActivity"
129-->[androidx.glance:glance-appwidget:1.1.0] AndroidManifest.xml:24:13-85
130            android:enabled="true"
130-->[androidx.glance:glance-appwidget:1.1.0] AndroidManifest.xml:25:13-35
131            android:excludeFromRecents="true"
131-->[androidx.glance:glance-appwidget:1.1.0] AndroidManifest.xml:26:13-46
132            android:exported="false"
132-->[androidx.glance:glance-appwidget:1.1.0] AndroidManifest.xml:27:13-37
133            android:theme="@android:style/Theme.NoDisplay" />
133-->[androidx.glance:glance-appwidget:1.1.0] AndroidManifest.xml:28:13-59
134        <activity
134-->[androidx.glance:glance-appwidget:1.1.0] AndroidManifest.xml:29:9-36:81
135            android:name="androidx.glance.appwidget.action.InvisibleActionTrampolineActivity"
135-->[androidx.glance:glance-appwidget:1.1.0] AndroidManifest.xml:30:13-94
136            android:enabled="true"
136-->[androidx.glance:glance-appwidget:1.1.0] AndroidManifest.xml:31:13-35
137            android:exported="false"
137-->[androidx.glance:glance-appwidget:1.1.0] AndroidManifest.xml:32:13-37
138            android:launchMode="singleInstance"
138-->[androidx.glance:glance-appwidget:1.1.0] AndroidManifest.xml:33:13-48
139            android:noHistory="true"
139-->[androidx.glance:glance-appwidget:1.1.0] AndroidManifest.xml:34:13-37
140            android:taskAffinity="androidx.glance.appwidget.ListAdapterCallbackTrampoline"
140-->[androidx.glance:glance-appwidget:1.1.0] AndroidManifest.xml:35:13-91
141            android:theme="@style/Widget.Glance.AppWidget.CallbackTrampoline" />
141-->[androidx.glance:glance-appwidget:1.1.0] AndroidManifest.xml:36:13-78
142
143        <receiver
143-->[androidx.glance:glance-appwidget:1.1.0] AndroidManifest.xml:38:9-41:40
144            android:name="androidx.glance.appwidget.action.ActionCallbackBroadcastReceiver"
144-->[androidx.glance:glance-appwidget:1.1.0] AndroidManifest.xml:39:13-92
145            android:enabled="true"
145-->[androidx.glance:glance-appwidget:1.1.0] AndroidManifest.xml:40:13-35
146            android:exported="false" />
146-->[androidx.glance:glance-appwidget:1.1.0] AndroidManifest.xml:41:13-37
147        <receiver
147-->[androidx.glance:glance-appwidget:1.1.0] AndroidManifest.xml:42:9-45:40
148            android:name="androidx.glance.appwidget.UnmanagedSessionReceiver"
148-->[androidx.glance:glance-appwidget:1.1.0] AndroidManifest.xml:43:13-78
149            android:enabled="true"
149-->[androidx.glance:glance-appwidget:1.1.0] AndroidManifest.xml:44:13-35
150            android:exported="false" />
150-->[androidx.glance:glance-appwidget:1.1.0] AndroidManifest.xml:45:13-37
151        <receiver
151-->[androidx.glance:glance-appwidget:1.1.0] AndroidManifest.xml:46:9-53:20
152            android:name="androidx.glance.appwidget.MyPackageReplacedReceiver"
152-->[androidx.glance:glance-appwidget:1.1.0] AndroidManifest.xml:47:13-79
153            android:enabled="true"
153-->[androidx.glance:glance-appwidget:1.1.0] AndroidManifest.xml:48:13-35
154            android:exported="false" >
154-->[androidx.glance:glance-appwidget:1.1.0] AndroidManifest.xml:49:13-37
155            <intent-filter>
155-->[androidx.glance:glance-appwidget:1.1.0] AndroidManifest.xml:50:13-52:29
156                <action android:name="android.intent.action.MY_PACKAGE_REPLACED" />
156-->[androidx.glance:glance-appwidget:1.1.0] AndroidManifest.xml:51:17-84
156-->[androidx.glance:glance-appwidget:1.1.0] AndroidManifest.xml:51:25-81
157            </intent-filter>
158        </receiver>
159
160        <service
160-->[androidx.glance:glance-appwidget:1.1.0] AndroidManifest.xml:55:9-58:72
161            android:name="androidx.glance.appwidget.GlanceRemoteViewsService"
161-->[androidx.glance:glance-appwidget:1.1.0] AndroidManifest.xml:56:13-78
162            android:exported="true"
162-->[androidx.glance:glance-appwidget:1.1.0] AndroidManifest.xml:57:13-36
163            android:permission="android.permission.BIND_REMOTEVIEWS" />
163-->[androidx.glance:glance-appwidget:1.1.0] AndroidManifest.xml:58:13-69
164
165        <meta-data
165-->[com.android.billingclient:billing:7.1.1] AndroidManifest.xml:22:9-24:37
166            android:name="com.google.android.play.billingclient.version"
166-->[com.android.billingclient:billing:7.1.1] AndroidManifest.xml:23:13-73
167            android:value="7.1.1" />
167-->[com.android.billingclient:billing:7.1.1] AndroidManifest.xml:24:13-34
168
169        <activity
169-->[com.android.billingclient:billing:7.1.1] AndroidManifest.xml:26:9-30:75
170            android:name="com.android.billingclient.api.ProxyBillingActivity"
170-->[com.android.billingclient:billing:7.1.1] AndroidManifest.xml:27:13-78
171            android:configChanges="keyboard|keyboardHidden|screenLayout|screenSize|orientation"
171-->[com.android.billingclient:billing:7.1.1] AndroidManifest.xml:28:13-96
172            android:exported="false"
172-->[com.android.billingclient:billing:7.1.1] AndroidManifest.xml:29:13-37
173            android:theme="@android:style/Theme.Translucent.NoTitleBar" />
173-->[com.android.billingclient:billing:7.1.1] AndroidManifest.xml:30:13-72
174        <activity
174-->[com.android.billingclient:billing:7.1.1] AndroidManifest.xml:31:9-35:75
175            android:name="com.android.billingclient.api.ProxyBillingActivityV2"
175-->[com.android.billingclient:billing:7.1.1] AndroidManifest.xml:32:13-80
176            android:configChanges="keyboard|keyboardHidden|screenLayout|screenSize|orientation"
176-->[com.android.billingclient:billing:7.1.1] AndroidManifest.xml:33:13-96
177            android:exported="false"
177-->[com.android.billingclient:billing:7.1.1] AndroidManifest.xml:34:13-37
178            android:theme="@android:style/Theme.Translucent.NoTitleBar" />
178-->[com.android.billingclient:billing:7.1.1] AndroidManifest.xml:35:13-72
179        <activity
179-->[com.google.android.gms:play-services-base:18.5.0] AndroidManifest.xml:5:9-173
180            android:name="com.google.android.gms.common.api.GoogleApiActivity"
180-->[com.google.android.gms:play-services-base:18.5.0] AndroidManifest.xml:5:19-85
181            android:exported="false"
181-->[com.google.android.gms:play-services-base:18.5.0] AndroidManifest.xml:5:146-170
182            android:theme="@android:style/Theme.Translucent.NoTitleBar" />
182-->[com.google.android.gms:play-services-base:18.5.0] AndroidManifest.xml:5:86-145
183
184        <meta-data
184-->[com.google.android.gms:play-services-basement:18.4.0] AndroidManifest.xml:6:9-122
185            android:name="com.google.android.gms.version"
185-->[com.google.android.gms:play-services-basement:18.4.0] AndroidManifest.xml:6:20-65
186            android:value="@integer/google_play_services_version" />
186-->[com.google.android.gms:play-services-basement:18.4.0] AndroidManifest.xml:6:66-119
187
188        <service
188-->[androidx.work:work-runtime:2.9.1] AndroidManifest.xml:39:9-45:35
189            android:name="androidx.work.impl.background.systemalarm.SystemAlarmService"
189-->[androidx.work:work-runtime:2.9.1] AndroidManifest.xml:40:13-88
190            android:directBootAware="false"
190-->[androidx.work:work-runtime:2.9.1] AndroidManifest.xml:41:13-44
191            android:enabled="@bool/enable_system_alarm_service_default"
191-->[androidx.work:work-runtime:2.9.1] AndroidManifest.xml:42:13-72
192            android:exported="false" />
192-->[androidx.work:work-runtime:2.9.1] AndroidManifest.xml:43:13-37
193        <service
193-->[androidx.work:work-runtime:2.9.1] AndroidManifest.xml:46:9-52:35
194            android:name="androidx.work.impl.background.systemjob.SystemJobService"
194-->[androidx.work:work-runtime:2.9.1] AndroidManifest.xml:47:13-84
195            android:directBootAware="false"
195-->[androidx.work:work-runtime:2.9.1] AndroidManifest.xml:48:13-44
196            android:enabled="@bool/enable_system_job_service_default"
196-->[androidx.work:work-runtime:2.9.1] AndroidManifest.xml:49:13-70
197            android:exported="true"
197-->[androidx.work:work-runtime:2.9.1] AndroidManifest.xml:50:13-36
198            android:permission="android.permission.BIND_JOB_SERVICE" />
198-->[androidx.work:work-runtime:2.9.1] AndroidManifest.xml:51:13-69
199        <service
199-->[androidx.work:work-runtime:2.9.1] AndroidManifest.xml:53:9-59:35
200            android:name="androidx.work.impl.foreground.SystemForegroundService"
200-->[androidx.work:work-runtime:2.9.1] AndroidManifest.xml:54:13-81
201            android:directBootAware="false"
201-->[androidx.work:work-runtime:2.9.1] AndroidManifest.xml:55:13-44
202            android:enabled="@bool/enable_system_foreground_service_default"
202-->[androidx.work:work-runtime:2.9.1] AndroidManifest.xml:56:13-77
203            android:exported="false" />
203-->[androidx.work:work-runtime:2.9.1] AndroidManifest.xml:57:13-37
204
205        <receiver
205-->[androidx.work:work-runtime:2.9.1] AndroidManifest.xml:61:9-66:35
206            android:name="androidx.work.impl.utils.ForceStopRunnable$BroadcastReceiver"
206-->[androidx.work:work-runtime:2.9.1] AndroidManifest.xml:62:13-88
207            android:directBootAware="false"
207-->[androidx.work:work-runtime:2.9.1] AndroidManifest.xml:63:13-44
208            android:enabled="true"
208-->[androidx.work:work-runtime:2.9.1] AndroidManifest.xml:64:13-35
209            android:exported="false" />
209-->[androidx.work:work-runtime:2.9.1] AndroidManifest.xml:65:13-37
210        <receiver
210-->[androidx.work:work-runtime:2.9.1] AndroidManifest.xml:67:9-77:20
211            android:name="androidx.work.impl.background.systemalarm.ConstraintProxy$BatteryChargingProxy"
211-->[androidx.work:work-runtime:2.9.1] AndroidManifest.xml:68:13-106
212            android:directBootAware="false"
212-->[androidx.work:work-runtime:2.9.1] AndroidManifest.xml:69:13-44
213            android:enabled="false"
213-->[androidx.work:work-runtime:2.9.1] AndroidManifest.xml:70:13-36
214            android:exported="false" >
214-->[androidx.work:work-runtime:2.9.1] AndroidManifest.xml:71:13-37
215            <intent-filter>
215-->[androidx.work:work-runtime:2.9.1] AndroidManifest.xml:73:13-76:29
216                <action android:name="android.intent.action.ACTION_POWER_CONNECTED" />
216-->[androidx.work:work-runtime:2.9.1] AndroidManifest.xml:74:17-87
216-->[androidx.work:work-runtime:2.9.1] AndroidManifest.xml:74:25-84
217                <action android:name="android.intent.action.ACTION_POWER_DISCONNECTED" />
217-->[androidx.work:work-runtime:2.9.1] AndroidManifest.xml:75:17-90
217-->[androidx.work:work-runtime:2.9.1] AndroidManifest.xml:75:25-87
218            </intent-filter>
219        </receiver>
220        <receiver
220-->[androidx.work:work-runtime:2.9.1] AndroidManifest.xml:78:9-88:20
221            android:name="androidx.work.impl.background.systemalarm.ConstraintProxy$BatteryNotLowProxy"
221-->[androidx.work:work-runtime:2.9.1] AndroidManifest.xml:79:13-104
222            android:directBootAware="false"
222-->[androidx.work:work-runtime:2.9.1] AndroidManifest.xml:80:13-44
223            android:enabled="false"
223-->[androidx.work:work-runtime:2.9.1] AndroidManifest.xml:81:13-36
224            android:exported="false" >
224-->[androidx.work:work-runtime:2.9.1] AndroidManifest.xml:82:13-37
225            <intent-filter>
225-->[androidx.work:work-runtime:2.9.1] AndroidManifest.xml:84:13-87:29
226                <action android:name="android.intent.action.BATTERY_OKAY" />
226-->[androidx.work:work-runtime:2.9.1] AndroidManifest.xml:85:17-77
226-->[androidx.work:work-runtime:2.9.1] AndroidManifest.xml:85:25-74
227                <action android:name="android.intent.action.BATTERY_LOW" />
227-->[androidx.work:work-runtime:2.9.1] AndroidManifest.xml:86:17-76
227-->[androidx.work:work-runtime:2.9.1] AndroidManifest.xml:86:25-73
228            </intent-filter>
229        </receiver>
230        <receiver
230-->[androidx.work:work-runtime:2.9.1] AndroidManifest.xml:89:9-99:20
231            android:name="androidx.work.impl.background.systemalarm.ConstraintProxy$StorageNotLowProxy"
231-->[androidx.work:work-runtime:2.9.1] AndroidManifest.xml:90:13-104
232            android:directBootAware="false"
232-->[androidx.work:work-runtime:2.9.1] AndroidManifest.xml:91:13-44
233            android:enabled="false"
233-->[androidx.work:work-runtime:2.9.1] AndroidManifest.xml:92:13-36
234            android:exported="false" >
234-->[androidx.work:work-runtime:2.9.1] AndroidManifest.xml:93:13-37
235            <intent-filter>
235-->[androidx.work:work-runtime:2.9.1] AndroidManifest.xml:95:13-98:29
236                <action android:name="android.intent.action.DEVICE_STORAGE_LOW" />
236-->[androidx.work:work-runtime:2.9.1] AndroidManifest.xml:96:17-83
236-->[androidx.work:work-runtime:2.9.1] AndroidManifest.xml:96:25-80
237                <action android:name="android.intent.action.DEVICE_STORAGE_OK" />
237-->[androidx.work:work-runtime:2.9.1] AndroidManifest.xml:97:17-82
237-->[androidx.work:work-runtime:2.9.1] AndroidManifest.xml:97:25-79
238            </intent-filter>
239        </receiver>
240        <receiver
240-->[androidx.work:work-runtime:2.9.1] AndroidManifest.xml:100:9-109:20
241            android:name="androidx.work.impl.background.systemalarm.ConstraintProxy$NetworkStateProxy"
241-->[androidx.work:work-runtime:2.9.1] AndroidManifest.xml:101:13-103
242            android:directBootAware="false"
242-->[androidx.work:work-runtime:2.9.1] AndroidManifest.xml:102:13-44
243            android:enabled="false"
243-->[androidx.work:work-runtime:2.9.1] AndroidManifest.xml:103:13-36
244            android:exported="false" >
244-->[androidx.work:work-runtime:2.9.1] AndroidManifest.xml:104:13-37
245            <intent-filter>
245-->[androidx.work:work-runtime:2.9.1] AndroidManifest.xml:106:13-108:29
246                <action android:name="android.net.conn.CONNECTIVITY_CHANGE" />
246-->[androidx.work:work-runtime:2.9.1] AndroidManifest.xml:107:17-79
246-->[androidx.work:work-runtime:2.9.1] AndroidManifest.xml:107:25-76
247            </intent-filter>
248        </receiver>
249        <receiver
249-->[androidx.work:work-runtime:2.9.1] AndroidManifest.xml:110:9-121:20
250            android:name="androidx.work.impl.background.systemalarm.RescheduleReceiver"
250-->[androidx.work:work-runtime:2.9.1] AndroidManifest.xml:111:13-88
251            android:directBootAware="false"
251-->[androidx.work:work-runtime:2.9.1] AndroidManifest.xml:112:13-44
252            android:enabled="false"
252-->[androidx.work:work-runtime:2.9.1] AndroidManifest.xml:113:13-36
253            android:exported="false" >
253-->[androidx.work:work-runtime:2.9.1] AndroidManifest.xml:114:13-37
254            <intent-filter>
254-->[androidx.work:work-runtime:2.9.1] AndroidManifest.xml:116:13-120:29
255                <action android:name="android.intent.action.BOOT_COMPLETED" />
255-->[androidx.work:work-runtime:2.9.1] AndroidManifest.xml:117:17-79
255-->[androidx.work:work-runtime:2.9.1] AndroidManifest.xml:117:25-76
256                <action android:name="android.intent.action.TIME_SET" />
256-->[androidx.work:work-runtime:2.9.1] AndroidManifest.xml:118:17-73
256-->[androidx.work:work-runtime:2.9.1] AndroidManifest.xml:118:25-70
257                <action android:name="android.intent.action.TIMEZONE_CHANGED" />
257-->[androidx.work:work-runtime:2.9.1] AndroidManifest.xml:119:17-81
257-->[androidx.work:work-runtime:2.9.1] AndroidManifest.xml:119:25-78
258            </intent-filter>
259        </receiver>
260        <receiver
260-->[androidx.work:work-runtime:2.9.1] AndroidManifest.xml:122:9-131:20
261            android:name="androidx.work.impl.background.systemalarm.ConstraintProxyUpdateReceiver"
261-->[androidx.work:work-runtime:2.9.1] AndroidManifest.xml:123:13-99
262            android:directBootAware="false"
262-->[androidx.work:work-runtime:2.9.1] AndroidManifest.xml:124:13-44
263            android:enabled="@bool/enable_system_alarm_service_default"
263-->[androidx.work:work-runtime:2.9.1] AndroidManifest.xml:125:13-72
264            android:exported="false" >
264-->[androidx.work:work-runtime:2.9.1] AndroidManifest.xml:126:13-37
265            <intent-filter>
265-->[androidx.work:work-runtime:2.9.1] AndroidManifest.xml:128:13-130:29
266                <action android:name="androidx.work.impl.background.systemalarm.UpdateProxies" />
266-->[androidx.work:work-runtime:2.9.1] AndroidManifest.xml:129:17-98
266-->[androidx.work:work-runtime:2.9.1] AndroidManifest.xml:129:25-95
267            </intent-filter>
268        </receiver>
269        <receiver
269-->[androidx.work:work-runtime:2.9.1] AndroidManifest.xml:132:9-142:20
270            android:name="androidx.work.impl.diagnostics.DiagnosticsReceiver"
270-->[androidx.work:work-runtime:2.9.1] AndroidManifest.xml:133:13-78
271            android:directBootAware="false"
271-->[androidx.work:work-runtime:2.9.1] AndroidManifest.xml:134:13-44
272            android:enabled="true"
272-->[androidx.work:work-runtime:2.9.1] AndroidManifest.xml:135:13-35
273            android:exported="true"
273-->[androidx.work:work-runtime:2.9.1] AndroidManifest.xml:136:13-36
274            android:permission="android.permission.DUMP" >
274-->[androidx.work:work-runtime:2.9.1] AndroidManifest.xml:137:13-57
275            <intent-filter>
275-->[androidx.work:work-runtime:2.9.1] AndroidManifest.xml:139:13-141:29
276                <action android:name="androidx.work.diagnostics.REQUEST_DIAGNOSTICS" />
276-->[androidx.work:work-runtime:2.9.1] AndroidManifest.xml:140:17-88
276-->[androidx.work:work-runtime:2.9.1] AndroidManifest.xml:140:25-85
277            </intent-filter>
278        </receiver>
279
280        <activity
280-->[androidx.compose.ui:ui-test-manifest:1.7.6] AndroidManifest.xml:23:9-25:39
281            android:name="androidx.activity.ComponentActivity"
281-->[androidx.compose.ui:ui-test-manifest:1.7.6] AndroidManifest.xml:24:13-63
282            android:exported="true" />
282-->[androidx.compose.ui:ui-test-manifest:1.7.6] AndroidManifest.xml:25:13-36
283        <activity
283-->[androidx.compose.ui:ui-tooling-android:1.7.6] AndroidManifest.xml:23:9-25:39
284            android:name="androidx.compose.ui.tooling.PreviewActivity"
284-->[androidx.compose.ui:ui-tooling-android:1.7.6] AndroidManifest.xml:24:13-71
285            android:exported="true" />
285-->[androidx.compose.ui:ui-tooling-android:1.7.6] AndroidManifest.xml:25:13-36
286
287        <service
287-->[androidx.core:core-remoteviews:1.1.0] AndroidManifest.xml:24:9-27:63
288            android:name="androidx.core.widget.RemoteViewsCompatService"
288-->[androidx.core:core-remoteviews:1.1.0] AndroidManifest.xml:25:13-73
289            android:permission="android.permission.BIND_REMOTEVIEWS" />
289-->[androidx.core:core-remoteviews:1.1.0] AndroidManifest.xml:26:13-69
290
291        <receiver
291-->[androidx.profileinstaller:profileinstaller:1.3.1] AndroidManifest.xml:34:9-52:20
292            android:name="androidx.profileinstaller.ProfileInstallReceiver"
292-->[androidx.profileinstaller:profileinstaller:1.3.1] AndroidManifest.xml:35:13-76
293            android:directBootAware="false"